<?xml version="1.0" encoding="UTF-8"?>
<testsuite xmlns:xsi="http://www.w3.org/2001/XMLSchema-instance" xsi:noNamespaceSchemaLocation="https://maven.apache.org/surefire/maven-surefire-plugin/xsd/surefire-test-report.xsd" name="WinStrategyTest" time="0" tests="14" errors="0" skipped="0" failures="0">
  <properties>
[...]
</properties>
  <testcase name="testWinStrategyFactory_CreateActorStrategy" classname="WinStrategyTest" time="0"/>
  <testcase name="testDirectorWinStrategy_MultipleMoviesRequired" classname="WinStrategyTest" time="0"/>
  <testcase name="testActorWinStrategy_NoMatch" classname="WinStrategyTest" time="0"/>
  <testcase name="testWinStrategyFactory_InvalidStrategyType" classname="WinStrategyTest" time="0"/>
  <testcase name="testGenreWinStrategy_SingleMovieMatch" classname="WinStrategyTest" time="0"/>
  <testcase name="testActorWinStrategy_MultipleMoviesRequired" classname="WinStrategyTest" time="0"/>
  <testcase name="testPlayerWithStrategy" classname="WinStrategyTest" time="0"/>
  <testcase name="testDirectorWinStrategy_NoMatch" classname="WinStrategyTest" time="0"/>
  <testcase name="testWinStrategyFactory_CreateDirectorStrategy" classname="WinStrategyTest" time="0"/>
  <testcase name="testWinStrategyFactory_CreateGenreStrategy" classname="WinStrategyTest" time="0"/>
  <testcase name="testDirectorWinStrategy_SingleMovieMatch" classname="WinStrategyTest" time="0"/>
  <testcase name="testGenreWinStrategy_MultipleMoviesRequired" classname="WinStrategyTest" time="0"/>
  <testcase name="testActorWinStrategy_SingleMovieMatch" classname="WinStrategyTest" time="0"/>
  <testcase name="testGenreWinStrategy_NoMatch" classname="WinStrategyTest" time="0"/>
</testsuite>